2016-04-08 19:17:10 WARN  Main:19 - test warn
2016-04-08 19:17:10 ERROR Main:20 - test error
2016-04-08 19:17:10 INFO  Main:21 - test info
2016-04-08 20:46:32 WARN  Main:19 - test warn
2016-04-08 20:46:32 ERROR Main:20 - test error
2016-04-08 20:46:32 INFO  Main:21 - test info
2016-04-08 20:48:35 ERROR BillManagementController:127 - C:\Users\Amir\Desktop\bill\bill_102_1_.pdf (The system cannot find the path specified)
2016-04-08 20:48:48 ERROR BillManagementController:127 - C:\Users\Amir\Desktop\bill\bill_100_1_.pdf (The system cannot find the path specified)
2016-04-08 20:52:21 ERROR BillManagementController:127 - C:\Users\Amir\Desktop\bill\bill_100_1_.pdf (The system cannot find the path specified)
2016-04-08 20:53:55 ERROR BillManagementController:130 - C:\Users\Amir\Desktop\bill\bill_100_4_.pdf (The system cannot find the path specified)
2016-04-08 20:55:19 ERROR BillManagementController:130 - C:\Users\Amir\Desktop\bill\bill_100_4_.pdf (The system cannot find the path specified)
2016-04-14 17:27:50 ERROR BaseEntity:116 - Error resolving onAction='#onDeleteLastBill', either the event handler is not in the Namespace or there is an error in the script.
/F:/repo/accounting/target/classes/ir/visoft/accounting/ui/view/userManagement.fxml:19
/F:/repo/accounting/target/classes/ir/visoft/accounting/ui/view/main.fxml:16

2016-04-14 17:27:50 ERROR BaseEntity:122 - Root element is null on setting: main.fxml
2016-04-14 17:28:03 ERROR BaseEntity:116 - Error resolving onAction='#onDeleteLastBill', either the event handler is not in the Namespace or there is an error in the script.
/F:/repo/accounting/target/classes/ir/visoft/accounting/ui/view/userManagement.fxml:19
/F:/repo/accounting/target/classes/ir/visoft/accounting/ui/view/main.fxml:16

2016-04-14 17:28:03 ERROR BaseEntity:122 - Root element is null on setting: main.fxml
2016-04-14 17:28:35 ERROR BaseEntity:116 - Error resolving onAction='#onDeleteLastBill', either the event handler is not in the Namespace or there is an error in the script.
/F:/repo/accounting/target/classes/ir/visoft/accounting/ui/view/userManagement.fxml:19
/F:/repo/accounting/target/classes/ir/visoft/accounting/ui/view/main.fxml:16

2016-04-14 17:28:35 ERROR BaseEntity:122 - Root element is null on setting: main.fxml
2016-04-14 17:28:40 ERROR BaseEntity:116 - Error resolving onAction='#onDeleteLastBill', either the event handler is not in the Namespace or there is an error in the script.
/F:/repo/accounting/target/classes/ir/visoft/accounting/ui/view/userManagement.fxml:19
/F:/repo/accounting/target/classes/ir/visoft/accounting/ui/view/main.fxml:16

2016-04-14 17:28:40 ERROR BaseEntity:122 - Root element is null on setting: main.fxml
2016-04-14 17:28:40 ERROR BaseEntity:116 - Error resolving onAction='#onDeleteLastBill', either the event handler is not in the Namespace or there is an error in the script.
/F:/repo/accounting/target/classes/ir/visoft/accounting/ui/view/userManagement.fxml:19
/F:/repo/accounting/target/classes/ir/visoft/accounting/ui/view/main.fxml:16

2016-04-14 17:28:40 ERROR BaseEntity:122 - Root element is null on setting: main.fxml
2016-04-14 17:28:40 ERROR BaseEntity:116 - Error resolving onAction='#onDeleteLastBill', either the event handler is not in the Namespace or there is an error in the script.
/F:/repo/accounting/target/classes/ir/visoft/accounting/ui/view/userManagement.fxml:19
/F:/repo/accounting/target/classes/ir/visoft/accounting/ui/view/main.fxml:16

2016-04-14 17:28:40 ERROR BaseEntity:122 - Root element is null on setting: main.fxml
2016-04-14 17:28:40 ERROR BaseEntity:116 - Error resolving onAction='#onDeleteLastBill', either the event handler is not in the Namespace or there is an error in the script.
/F:/repo/accounting/target/classes/ir/visoft/accounting/ui/view/userManagement.fxml:19
/F:/repo/accounting/target/classes/ir/visoft/accounting/ui/view/main.fxml:16

2016-04-14 17:28:40 ERROR BaseEntity:122 - Root element is null on setting: main.fxml
2016-04-14 17:28:41 ERROR BaseEntity:116 - Error resolving onAction='#onDeleteLastBill', either the event handler is not in the Namespace or there is an error in the script.
/F:/repo/accounting/target/classes/ir/visoft/accounting/ui/view/userManagement.fxml:19
/F:/repo/accounting/target/classes/ir/visoft/accounting/ui/view/main.fxml:16

2016-04-14 17:28:41 ERROR BaseEntity:122 - Root element is null on setting: main.fxml
2016-04-14 17:28:41 ERROR BaseEntity:116 - Error resolving onAction='#onDeleteLastBill', either the event handler is not in the Namespace or there is an error in the script.
/F:/repo/accounting/target/classes/ir/visoft/accounting/ui/view/userManagement.fxml:19
/F:/repo/accounting/target/classes/ir/visoft/accounting/ui/view/main.fxml:16

2016-04-14 17:28:41 ERROR BaseEntity:122 - Root element is null on setting: main.fxml
2016-04-14 17:28:41 ERROR BaseEntity:116 - Error resolving onAction='#onDeleteLastBill', either the event handler is not in the Namespace or there is an error in the script.
/F:/repo/accounting/target/classes/ir/visoft/accounting/ui/view/userManagement.fxml:19
/F:/repo/accounting/target/classes/ir/visoft/accounting/ui/view/main.fxml:16

2016-04-14 17:28:41 ERROR BaseEntity:122 - Root element is null on setting: main.fxml
2016-04-14 17:28:41 ERROR BaseEntity:116 - Error resolving onAction='#onDeleteLastBill', either the event handler is not in the Namespace or there is an error in the script.
/F:/repo/accounting/target/classes/ir/visoft/accounting/ui/view/userManagement.fxml:19
/F:/repo/accounting/target/classes/ir/visoft/accounting/ui/view/main.fxml:16

2016-04-14 17:28:41 ERROR BaseEntity:122 - Root element is null on setting: main.fxml
2016-04-14 17:28:41 ERROR BaseEntity:116 - Error resolving onAction='#onDeleteLastBill', either the event handler is not in the Namespace or there is an error in the script.
/F:/repo/accounting/target/classes/ir/visoft/accounting/ui/view/userManagement.fxml:19
/F:/repo/accounting/target/classes/ir/visoft/accounting/ui/view/main.fxml:16

2016-04-14 17:28:41 ERROR BaseEntity:122 - Root element is null on setting: main.fxml
2016-04-14 17:28:41 ERROR BaseEntity:116 - Error resolving onAction='#onDeleteLastBill', either the event handler is not in the Namespace or there is an error in the script.
/F:/repo/accounting/target/classes/ir/visoft/accounting/ui/view/userManagement.fxml:19
/F:/repo/accounting/target/classes/ir/visoft/accounting/ui/view/main.fxml:16

2016-04-14 17:28:41 ERROR BaseEntity:122 - Root element is null on setting: main.fxml
2016-04-14 17:28:42 ERROR BaseEntity:116 - Error resolving onAction='#onDeleteLastBill', either the event handler is not in the Namespace or there is an error in the script.
/F:/repo/accounting/target/classes/ir/visoft/accounting/ui/view/userManagement.fxml:19
/F:/repo/accounting/target/classes/ir/visoft/accounting/ui/view/main.fxml:16

2016-04-14 17:28:42 ERROR BaseEntity:122 - Root element is null on setting: main.fxml
2016-04-14 17:29:10 ERROR BaseEntity:116 - Error resolving onAction='#onDeleteLastBill', either the event handler is not in the Namespace or there is an error in the script.
/F:/repo/accounting/target/classes/ir/visoft/accounting/ui/view/userManagement.fxml:19
/F:/repo/accounting/target/classes/ir/visoft/accounting/ui/view/main.fxml:16

2016-04-14 17:29:10 ERROR BaseEntity:122 - Root element is null on setting: main.fxml
2016-04-14 17:29:31 ERROR BaseEntity:116 - Error resolving onAction='#onDeleteLastBill', either the event handler is not in the Namespace or there is an error in the script.
/F:/repo/accounting/target/classes/ir/visoft/accounting/ui/view/userManagement.fxml:19
/F:/repo/accounting/target/classes/ir/visoft/accounting/ui/view/main.fxml:16

2016-04-14 17:29:31 ERROR BaseEntity:122 - Root element is null on setting: main.fxml
2016-04-14 17:40:55 ERROR BaseEntity:163 - 
2016-04-14 18:19:39 ERROR BaseEntity:116 - Resource "EditLastBill" not found.
/F:/repo/accounting/target/classes/ir/visoft/accounting/ui/view/userManagement.fxml:18
/F:/repo/accounting/target/classes/ir/visoft/accounting/ui/view/main.fxml:16

2016-04-14 18:19:39 ERROR BaseEntity:122 - Root element is null on setting: main.fxml
2016-04-14 18:19:48 ERROR BaseEntity:116 - Resource "EditLastBill" not found.
/F:/repo/accounting/target/classes/ir/visoft/accounting/ui/view/userManagement.fxml:18
/F:/repo/accounting/target/classes/ir/visoft/accounting/ui/view/main.fxml:16

2016-04-14 18:19:48 ERROR BaseEntity:122 - Root element is null on setting: main.fxml
2016-04-14 18:29:16 ERROR Database:38 - Database may be already in use: null. Possible solutions: close all other connection(s); use the server mode [90020-191]
2016-04-14 20:21:45 ERROR Database:38 - Database may be already in use: null. Possible solutions: close all other connection(s); use the server mode [90020-191]
